[2026-04-03T05:00:40.798Z] GET http://localhost:3000/ → pending (?ms, ?B)
[2026-04-03T05:01:28.991Z] GET http://localhost:3000/ → 200 (253ms, 14324B)
[2026-04-03T05:01:29.248Z] GET http://localhost:3000/_next/static/media/70bc3e132a0a741e-s.p.1409xf.ylxg8g.woff2 → 200 (23ms, 40480B)
[2026-04-03T05:01:29.248Z] GET http://localhost:3000/_next/static/media/8c2eb9ceedecfc8e-s.p.0oeo8epbafgia.woff2 → 200 (24ms, 37792B)
[2026-04-03T05:01:29.248Z] GET http://localhost:3000/elpato-wordmark.svg → 200 (23ms, 720B)
[2026-04-03T05:01:29.248Z] GET http://localhost:3000/_next/static/chunks/%5Broot-of-the-server%5D__0upwvhp._.css → 200 (9ms, 12697B)
[2026-04-03T05:01:29.248Z] GET http://localhost:3000/_next/static/chunks/%5Bturbopack%5D_browser_dev_hmr-client_hmr-client_ts_10z625~._.js → 200 (24ms, 675B)
[2026-04-03T05:01:29.248Z] GET http://localhost:3000/_next/static/chunks/node_modules_next_dist_compiled_next-devtools_index_0553esy.js → 200 (64ms, ?B)
[2026-04-03T05:01:29.249Z] GET http://localhost:3000/_next/static/chunks/node_modules_next_dist_compiled_react-dom_058-ah~._.js → 200 (72ms, ?B)
[2026-04-03T05:01:29.249Z] GET http://localhost:3000/_next/static/chunks/node_modules_next_dist_compiled_react-server-dom-turbopack_0p3wegg._.js → 200 (36ms, 174634B)
[2026-04-03T05:01:29.249Z] GET http://localhost:3000/_next/static/chunks/node_modules_next_dist_compiled_0rpq4pf._.js → 200 (37ms, 144344B)
[2026-04-03T05:01:29.249Z] GET http://localhost:3000/_next/static/chunks/node_modules_next_dist_client_0fhqo1d._.js → 200 (62ms, ?B)
[2026-04-03T05:01:29.249Z] GET http://localhost:3000/_next/static/chunks/node_modules_next_dist_115brz8._.js → 200 (48ms, 246103B)
[2026-04-03T05:01:29.249Z] GET http://localhost:3000/_next/static/chunks/node_modules_%40swc_helpers_cjs_0-4ujiy._.js → 200 (48ms, 1984B)
[2026-04-03T05:01:29.249Z] GET http://localhost:3000/_next/static/chunks/_0rqeker._.js → 200 (48ms, 756B)
[2026-04-03T05:01:29.250Z] GET http://localhost:3000/_next/static/chunks/turbopack-_0p44nws._.js → 200 (57ms, 92351B)
[2026-04-03T05:01:29.250Z] GET http://localhost:3000/_next/static/chunks/node_modules_next_dist_0tt2wve._.js → 200 (58ms, 208717B)
[2026-04-03T05:01:29.250Z] GET http://localhost:3000/_next/static/chunks/app_layout_tsx_004glpo._.js → 200 (47ms, 315B)
[2026-04-03T05:01:29.250Z] GET http://localhost:3000/_next/static/chunks/node_modules_next_0aj6m7e._.js → 200 (60ms, 156117B)
[2026-04-03T05:01:29.250Z] GET http://localhost:3000/_next/static/chunks/app_page_tsx_0~3a212._.js → 200 (61ms, 28452B)
[2026-04-03T05:01:29.250Z] GET http://localhost:3000/_next/static/chunks/app_page_tsx_0c-7~2.._.js → 200 (60ms, 300B)
[2026-04-03T05:01:29.250Z] GET http://localhost:3000/_next/static/chunks/node_modules_next_dist_client_components_builtin_global-error_0c-7~2..js → 200 (61ms, 212B)
[2026-04-03T05:01:29.379Z] GET http://localhost:3000/_next/static/chunks/%5Bturbopack%5D_browser_dev_hmr-client_hmr-client_ts_0yjw1oe._.js → pending (?ms, ?B)
[2026-04-03T05:01:29.380Z] GET http://localhost:3000/_next/static/chunks/%5Bturbopack%5D_browser_dev_hmr-client_hmr-client_ts_10mygs7._.js → pending (?ms, ?B)
[2026-04-03T05:01:43.842Z] GET http://localhost:3000/?_rsc=wnywt → 200 (41ms, 8233B)
[2026-04-03T05:11:07.716Z] GET http://localhost:3000/?_rsc=wnywt → 200 (22ms, 7868B)
